<?xml version="1.0" ?>
<coverage version="5.5" timestamp="1711900800000" lines-valid="100" lines-covered="85" line-rate="0.85" branches-valid="50" branches-covered="40" branch-rate="0.80">
  <packages>
    <package name="src.parser" line-rate="0.85" branch-rate="0.80">
      <classes>
        <class name="reader.py" filename="src/reader.py" line-rate="0.95" branch-rate="0.88">
          <lines>
            <line number="1" hits="1"/><line number="2" hits="1"/><line number="3" hits="1"/>
            <line number="4" hits="1"/><line number="5" hits="1"/><line number="6" hits="0"/>
            <line number="7" hits="1"/><line number="8" hits="1"/><line number="9" hits="1"/>
            <line number="10" hits="1"/>
          </lines>
        </class>
        <class name="writer.py" filename="src/writer.py" line-rate="0.70" branch-rate="0.60">
          <lines>
            <line number="1" hits="1"/><line number="2" hits="1"/><line number="3" hits="0"/>
            <line number="4" hits="1"/><line number="5" hits="0"/>
          </lines>
        </class>
      </classes>
    </package>
  </packages>
</coverage>
